2019-10-04 14:59:32,488 - root - DEBUG - Auth/authenticate()
2019-10-04 14:59:32,488 - root - DEBUG - Auth/authenticate() --> needed to authenticate
2019-10-04 14:59:32,488 - root - DEBUG - RSA_auth/get_session_token() function started
2019-10-04 14:59:32,488 - root - DEBUG - RSA_auth/getJWT() function started
2019-10-04 14:59:33,619 - root - DEBUG - RSA/session token success
2019-10-04 14:59:33,619 - root - DEBUG - RSA_auth/get_keyauth()
2019-10-04 14:59:33,620 - root - DEBUG - RSA_auth/getJWT() function started
2019-10-04 14:59:34,753 - root - DEBUG - RSA/keymanager token success
2019-10-04 14:59:34,753 - root - INFO - DataFeedEventService/startDataFeed()
2019-10-04 14:59:34,754 - root - DEBUG - DataFeedClient/create_datafeed()
2019-10-04 14:59:36,597 - root - DEBUG - DataFeedClient/read_datafeed()
2019-10-04 14:59:40,015 - root - DEBUG - DataFeedEventService/read_datafeed() --> Incoming data from read_datafeed(): {
    "messageSent": {
        "message": {
            "messageId": "j4mna37Ry2IbNlpMar9RYX___pJqbt4BbQ",
            "timestamp": 1570172379646,
            "message": "<div data-format=\"PresentationML\" data-version=\"2.0\" class=\"wysiwyg\"><p>hello</p></div>",
            "data": "{}",
            "user": {
                "userId": 349026222348294,
                "firstName": "Amos",
                "lastName": "Wang",
                "displayName": "Amos Wang",
                "email": "wamosng@gmail.com",
                "username": "wamosng@gmail.com"
            },
            "stream": {
                "streamId": "-5kG32ctXZpIC-1bnezGZ3___pJqiAEsdA",
                "streamType": "IM"
            },
            "externalRecipients": false,
            "userAgent": "DESKTOP-40.0.0-10665-MacOSX-10.14.3-Chrome-77.0.3865.90",
            "originalFormat": "com.symphony.messageml.v2"
        }
    }
}
2019-10-04 14:59:40,015 - root - DEBUG - UserClient/get_session_user()
2019-10-04 14:59:41,061 - root - DEBUG - DataFeedEventService/handle_event()
2019-10-04 14:59:41,061 - root - DEBUG - msg_sent_handler function started
2019-10-04 14:59:41,061 - root - DEBUG - message received in IM
2019-10-04 14:59:41,061 - root - DEBUG - insdie of process
2019-10-04 14:59:41,062 - root - DEBUG - MessageClient/send_msg()
2019-10-04 14:59:41,781 - root - DEBUG - DataFeedClient/read_datafeed()
2019-10-04 14:59:42,145 - root - DEBUG - DataFeedEventService/read_datafeed() --> Incoming data from read_datafeed(): {
    "messageSent": {
        "message": {
            "messageId": "icZns5Y4isFEoIoWWI_qT3___pJqbtZMdA",
            "timestamp": 1570172381624,
            "message": "<div data-format=\"PresentationML\" data-version=\"2.0\">Hello Amos, hope you are doing well!You love BOS right?</div>",
            "user": {
                "userId": 349026222348293,
                "displayName": "Amos Bot",
                "email": "amos-bot@symphony.com",
                "username": "amos-bot"
            },
            "stream": {
                "streamId": "-5kG32ctXZpIC-1bnezGZ3___pJqiAEsdA",
                "streamType": "IM"
            },
            "externalRecipients": false,
            "userAgent": "Agent-2.55.9-Linux-4.14.123-86.109.amzn1.x86_64",
            "originalFormat": "com.symphony.messageml.v2"
        }
    }
}
2019-10-04 14:59:42,145 - root - DEBUG - DataFeedClient/read_datafeed()
2019-10-04 15:00:12,640 - root - DEBUG - DataFeedEventService() - no data coming in from datafeed --> read_datafeed()
2019-10-04 15:00:12,640 - root - DEBUG - DataFeedClient/read_datafeed()
2019-10-04 15:00:43,053 - root - DEBUG - DataFeedEventService() - no data coming in from datafeed --> read_datafeed()
2019-10-04 15:00:43,054 - root - DEBUG - DataFeedClient/read_datafeed()
2019-10-04 15:01:13,426 - root - DEBUG - DataFeedEventService() - no data coming in from datafeed --> read_datafeed()
2019-10-04 15:01:13,426 - root - DEBUG - DataFeedClient/read_datafeed()
2019-10-04 15:01:43,881 - root - DEBUG - DataFeedEventService() - no data coming in from datafeed --> read_datafeed()
2019-10-04 15:01:43,881 - root - DEBUG - DataFeedClient/read_datafeed()
2019-10-04 15:02:14,293 - root - DEBUG - DataFeedEventService() - no data coming in from datafeed --> read_datafeed()
2019-10-04 15:02:14,294 - root - DEBUG - DataFeedClient/read_datafeed()
2019-10-04 15:02:44,729 - root - DEBUG - DataFeedEventService() - no data coming in from datafeed --> read_datafeed()
2019-10-04 15:02:44,729 - root - DEBUG - DataFeedClient/read_datafeed()
2019-10-04 15:03:15,226 - root - DEBUG - DataFeedEventService() - no data coming in from datafeed --> read_datafeed()
2019-10-04 15:03:15,226 - root - DEBUG - DataFeedClient/read_datafeed()
2019-10-04 15:03:45,638 - root - DEBUG - DataFeedEventService() - no data coming in from datafeed --> read_datafeed()
2019-10-04 15:03:45,638 - root - DEBUG - DataFeedClient/read_datafeed()
2019-10-04 15:04:16,046 - root - DEBUG - DataFeedEventService() - no data coming in from datafeed --> read_datafeed()
2019-10-04 15:04:16,046 - root - DEBUG - DataFeedClient/read_datafeed()
2019-10-04 15:04:46,464 - root - DEBUG - DataFeedEventService() - no data coming in from datafeed --> read_datafeed()
2019-10-04 15:04:46,464 - root - DEBUG - DataFeedClient/read_datafeed()
2019-10-04 15:05:16,846 - root - DEBUG - DataFeedEventService() - no data coming in from datafeed --> read_datafeed()
2019-10-04 15:05:16,847 - root - DEBUG - DataFeedClient/read_datafeed()
2019-10-04 15:05:47,291 - root - DEBUG - DataFeedEventService() - no data coming in from datafeed --> read_datafeed()
2019-10-04 15:05:47,291 - root - DEBUG - DataFeedClient/read_datafeed()
